0 info it worked if it ends with ok
1 verbose cli [ '/usr/local/bin/node',
1 verbose cli   '/usr/local/bin/npm',
1 verbose cli   'install',
1 verbose cli   'numpy' ]
2 info using npm@3.3.12
3 info using node@v0.12.8
4 verbose node symlink /usr/local/bin/node
5 verbose config Skipping project config: /Users/raghavkedia/.npmrc. (matches userconfig)
6 silly loadCurrentTree Starting
7 silly install loadCurrentTree
8 silly install readLocalPackageData
9 silly fetchPackageMetaData numpy
10 silly fetchNamedPackageData numpy
11 silly mapToRegistry name numpy
12 silly mapToRegistry using default registry
13 silly mapToRegistry registry https://registry.npmjs.org/
14 silly mapToRegistry uri https://registry.npmjs.org/numpy
15 verbose request uri https://registry.npmjs.org/numpy
16 verbose request no auth needed
17 info attempt registry request try #1 at 19:11:10
18 verbose request id 60da9749848a76cf
19 http request GET https://registry.npmjs.org/numpy
20 http 404 https://registry.npmjs.org/numpy
21 verbose headers { 'content-type': 'application/json',
21 verbose headers   'cache-control': 'max-age=0',
21 verbose headers   'content-length': '2',
21 verbose headers   'accept-ranges': 'bytes',
21 verbose headers   date: 'Wed, 24 Aug 2016 23:11:09 GMT',
21 verbose headers   via: '1.1 varnish',
21 verbose headers   age: '0',
21 verbose headers   connection: 'keep-alive',
21 verbose headers   'x-served-by': 'cache-jfk8135-JFK',
21 verbose headers   'x-cache': 'MISS',
21 verbose headers   'x-cache-hits': '0',
21 verbose headers   'x-timer': 'S1472080269.864980,VS0,VE23',
21 verbose headers   vary: 'Accept-Encoding' }
22 silly get cb [ 404,
22 silly get   { 'content-type': 'application/json',
22 silly get     'cache-control': 'max-age=0',
22 silly get     'content-length': '2',
22 silly get     'accept-ranges': 'bytes',
22 silly get     date: 'Wed, 24 Aug 2016 23:11:09 GMT',
22 silly get     via: '1.1 varnish',
22 silly get     age: '0',
22 silly get     connection: 'keep-alive',
22 silly get     'x-served-by': 'cache-jfk8135-JFK',
22 silly get     'x-cache': 'MISS',
22 silly get     'x-cache-hits': '0',
22 silly get     'x-timer': 'S1472080269.864980,VS0,VE23',
22 silly get     vary: 'Accept-Encoding' } ]
23 silly fetchPackageMetaData Error: Registry returned 404 for GET on https://registry.npmjs.org/numpy
23 silly fetchPackageMetaData     at makeError (/usr/local/lib/node_modules/npm/node_modules/npm-registry-client/lib/request.js:264:12)
23 silly fetchPackageMetaData     at CachingRegistryClient.<anonymous> (/usr/local/lib/node_modules/npm/node_modules/npm-registry-client/lib/request.js:242:14)
23 silly fetchPackageMetaData     at Request._callback (/usr/local/lib/node_modules/npm/node_modules/npm-registry-client/lib/request.js:172:14)
23 silly fetchPackageMetaData     at Request.self.callback (/usr/local/lib/node_modules/npm/node_modules/request/request.js:198:22)
23 silly fetchPackageMetaData     at Request.emit (events.js:110:17)
23 silly fetchPackageMetaData     at Request.<anonymous> (/usr/local/lib/node_modules/npm/node_modules/request/request.js:1082:10)
23 silly fetchPackageMetaData     at Request.emit (events.js:129:20)
23 silly fetchPackageMetaData     at IncomingMessage.<anonymous> (/usr/local/lib/node_modules/npm/node_modules/request/request.js:1009:12)
23 silly fetchPackageMetaData     at IncomingMessage.emit (events.js:129:20)
23 silly fetchPackageMetaData     at _stream_readable.js:908:16
23 silly fetchPackageMetaData  error for numpy { [Error: Registry returned 404 for GET on https://registry.npmjs.org/numpy] pkgid: 'numpy', statusCode: 404, code: 'E404' }
24 silly rollbackFailedOptional Starting
25 silly rollbackFailedOptional Finishing
26 silly runTopLevelLifecycles Starting
27 silly runTopLevelLifecycles Finishing
28 silly install printInstalled
29 verbose stack Error: Registry returned 404 for GET on https://registry.npmjs.org/numpy
29 verbose stack     at makeError (/usr/local/lib/node_modules/npm/node_modules/npm-registry-client/lib/request.js:264:12)
29 verbose stack     at CachingRegistryClient.<anonymous> (/usr/local/lib/node_modules/npm/node_modules/npm-registry-client/lib/request.js:242:14)
29 verbose stack     at Request._callback (/usr/local/lib/node_modules/npm/node_modules/npm-registry-client/lib/request.js:172:14)
29 verbose stack     at Request.self.callback (/usr/local/lib/node_modules/npm/node_modules/request/request.js:198:22)
29 verbose stack     at Request.emit (events.js:110:17)
29 verbose stack     at Request.<anonymous> (/usr/local/lib/node_modules/npm/node_modules/request/request.js:1082:10)
29 verbose stack     at Request.emit (events.js:129:20)
29 verbose stack     at IncomingMessage.<anonymous> (/usr/local/lib/node_modules/npm/node_modules/request/request.js:1009:12)
29 verbose stack     at IncomingMessage.emit (events.js:129:20)
29 verbose stack     at _stream_readable.js:908:16
30 verbose statusCode 404
31 verbose pkgid numpy
32 verbose cwd /Users/raghavkedia/Desktop/Computer Science/research/bandit_problem
33 error Darwin 15.3.0
34 error argv "/usr/local/bin/node" "/usr/local/bin/npm" "install" "numpy"
35 error node v0.12.8
36 error npm  v3.3.12
37 error code E404
38 error 404 Registry returned 404 for GET on https://registry.npmjs.org/numpy
38 error 404
38 error 404 'numpy' is not in the npm registry.
38 error 404 You should bug the author to publish it (or use the name yourself!)
38 error 404
38 error 404 Note that you can also install from a
38 error 404 tarball, folder, http url, or git url.
39 verbose exit [ 1, true ]
